-- Install configuration: ""
-- Execute custom install script
-- Up-to-date symlink: /home/gmsie/main_ws/src/nav2_slam/install/nav2_slam/share/nav2_slam//launch/bringup_launch.py
-- Up-to-date symlink: /home/gmsie/main_ws/src/nav2_slam/install/nav2_slam/share/nav2_slam//launch/localization_launch_amcl.py
-- Up-to-date symlink: /home/gmsie/main_ws/src/nav2_slam/install/nav2_slam/share/nav2_slam//launch/localization_launch_slam.py
-- Up-to-date symlink: /home/gmsie/main_ws/src/nav2_slam/install/nav2_slam/share/nav2_slam//launch/navigation_launch.py
-- Up-to-date symlink: /home/gmsie/main_ws/src/nav2_slam/install/nav2_slam/share/nav2_slam//launch/online_async_launch.py
-- Up-to-date symlink: /home/gmsie/main_ws/src/nav2_slam/install/nav2_slam/share/nav2_slam//launch/online_sync_launch.py
-- Up-to-date symlink: /home/gmsie/main_ws/src/nav2_slam/install/nav2_slam/share/nav2_slam//launch/slam_launch.py
-- Up-to-date symlink: /home/gmsie/main_ws/src/nav2_slam/install/nav2_slam/share/nav2_slam//config/mapper_params_lifelong.yaml
-- Up-to-date symlink: /home/gmsie/main_ws/src/nav2_slam/install/nav2_slam/share/nav2_slam//config/mapper_params_localization.yaml
-- Up-to-date symlink: /home/gmsie/main_ws/src/nav2_slam/install/nav2_slam/share/nav2_slam//config/mapper_params_offline.yaml
-- Up-to-date symlink: /home/gmsie/main_ws/src/nav2_slam/install/nav2_slam/share/nav2_slam//config/mapper_params_online_async.yaml
-- Up-to-date symlink: /home/gmsie/main_ws/src/nav2_slam/install/nav2_slam/share/nav2_slam//config/mapper_params_online_sync.yaml
-- Up-to-date symlink: /home/gmsie/main_ws/src/nav2_slam/install/nav2_slam/share/nav2_slam//config/nav2_params.yaml
-- Up-to-date symlink: /home/gmsie/main_ws/src/nav2_slam/install/nav2_slam/share/ament_index/resource_index/package_run_dependencies/nav2_slam
-- Up-to-date symlink: /home/gmsie/main_ws/src/nav2_slam/install/nav2_slam/share/ament_index/resource_index/parent_prefix_path/nav2_slam
-- Up-to-date symlink: /home/gmsie/main_ws/src/nav2_slam/install/nav2_slam/share/nav2_slam/environment/ament_prefix_path.sh
-- Up-to-date symlink: /home/gmsie/main_ws/src/nav2_slam/install/nav2_slam/share/nav2_slam/environment/ament_prefix_path.dsv
-- Up-to-date symlink: /home/gmsie/main_ws/src/nav2_slam/install/nav2_slam/share/nav2_slam/environment/path.sh
-- Up-to-date symlink: /home/gmsie/main_ws/src/nav2_slam/install/nav2_slam/share/nav2_slam/environment/path.dsv
-- Up-to-date symlink: /home/gmsie/main_ws/src/nav2_slam/install/nav2_slam/share/nav2_slam/local_setup.bash
-- Up-to-date symlink: /home/gmsie/main_ws/src/nav2_slam/install/nav2_slam/share/nav2_slam/local_setup.sh
-- Up-to-date symlink: /home/gmsie/main_ws/src/nav2_slam/install/nav2_slam/share/nav2_slam/local_setup.zsh
-- Up-to-date symlink: /home/gmsie/main_ws/src/nav2_slam/install/nav2_slam/share/nav2_slam/local_setup.dsv
-- Symlinking: /home/gmsie/main_ws/src/nav2_slam/install/nav2_slam/share/nav2_slam/package.dsv
-- Up-to-date symlink: /home/gmsie/main_ws/src/nav2_slam/install/nav2_slam/share/ament_index/resource_index/packages/nav2_slam
-- Up-to-date symlink: /home/gmsie/main_ws/src/nav2_slam/install/nav2_slam/share/nav2_slam/cmake/nav2_slamConfig.cmake
-- Up-to-date symlink: /home/gmsie/main_ws/src/nav2_slam/install/nav2_slam/share/nav2_slam/cmake/nav2_slamConfig-version.cmake
-- Up-to-date symlink: /home/gmsie/main_ws/src/nav2_slam/install/nav2_slam/share/nav2_slam/package.xml
