[0.176s] DEBUG:colcon:Command line arguments: ['/usr/bin/colcon', 'build', '--symlink-install']
[0.176s] DEBUG:colcon:Parsed command line arguments: Namespace(allow_overriding=[], ament_cmake_args=None, base_paths=['.'], build_base='build', catkin_cmake_args=None, catkin_skip_building_tests=False, cmake_args=None, cmake_clean_cache=False, cmake_clean_first=False, cmake_force_configure=False, cmake_target=None, cmake_target_skip_unavailable=False, continue_on_error=False, event_handlers=None, executor='parallel', ignore_user_meta=False, install_base='install', log_base=None, log_level=None, main=<bound method BuildVerb.main of <colcon_core.verb.build.BuildVerb object at 0x7f28706087f0>>, merge_install=False, metas=['./colcon.meta'], packages_above=None, packages_above_and_dependencies=None, packages_above_depth=None, packages_end=None, packages_ignore=None, packages_ignore_regex=None, packages_select=None, packages_select_build_failed=False, packages_select_by_dep=None, packages_select_regex=None, packages_select_test_failures=False, packages_skip=None, packages_skip_build_finished=False, packages_skip_by_dep=None, packages_skip_regex=None, packages_skip_test_passed=False, packages_skip_up_to=None, packages_start=None, packages_up_to=None, packages_up_to_regex=None, parallel_workers=12, paths=None, symlink_install=True, test_result_base=None, verb_extension=<colcon_core.verb.build.BuildVerb object at 0x7f28706087f0>, verb_name='build', verb_parser=<colcon_defaults.argument_parser.defaults.DefaultArgumentsDecorator object at 0x7f2870608d60>)
[0.199s] Level 1:colcon.colcon_core.package_discovery:discover_packages(colcon_meta) check parameters
[0.199s] Level 1:colcon.colcon_core.package_discovery:discover_packages(recursive) check parameters
[0.199s] Level 1:colcon.colcon_core.package_discovery:discover_packages(ignore) check parameters
[0.199s] Level 1:colcon.colcon_core.package_discovery:discover_packages(path) check parameters
[0.199s] Level 1:colcon.colcon_core.package_discovery:discover_packages(colcon_meta) discover
[0.200s] Level 1:colcon.colcon_core.package_discovery:discover_packages(recursive) discover
[0.200s] INFO:colcon.colcon_core.package_discovery:Crawling recursively for packages in '/home/gmsie/main_ws/src/nav2_slam'
[0.200s] Level 1:colcon.colcon_core.package_identification:_identify(.) by extensions ['ignore', 'ignore_ament_install']
[0.200s] Level 1:colcon.colcon_core.package_identification:_identify(.) by extension 'ignore'
[0.200s] Level 1:colcon.colcon_core.package_identification:_identify(.) by extension 'ignore_ament_install'
[0.200s] Level 1:colcon.colcon_core.package_identification:_identify(.) by extensions ['colcon_pkg']
[0.200s] Level 1:colcon.colcon_core.package_identification:_identify(.) by extension 'colcon_pkg'
[0.200s] Level 1:colcon.colcon_core.package_identification:_identify(.) by extensions ['colcon_meta']
[0.200s] Level 1:colcon.colcon_core.package_identification:_identify(.) by extension 'colcon_meta'
[0.200s] Level 1:colcon.colcon_core.package_identification:_identify(.) by extensions ['ros']
[0.200s] Level 1:colcon.colcon_core.package_identification:_identify(.) by extension 'ros'
[0.211s] DEBUG:colcon.colcon_core.package_identification:Package '.' with type 'ros.ament_cmake' and name 'nav2_slam'
[0.211s] Level 1:colcon.colcon_core.package_discovery:discover_packages(recursive) using defaults
[0.211s] Level 1:colcon.colcon_core.package_discovery:discover_packages(ignore) discover
[0.211s] Level 1:colcon.colcon_core.package_discovery:discover_packages(ignore) using defaults
[0.211s] Level 1:colcon.colcon_core.package_discovery:discover_packages(path) discover
[0.211s] Level 1:colcon.colcon_core.package_discovery:discover_packages(path) using defaults
[0.238s] Level 1:colcon.colcon_core.package_discovery:discover_packages(prefix_path) check parameters
[0.238s] Level 1:colcon.colcon_core.package_discovery:discover_packages(prefix_path) discover
[0.242s] DEBUG:colcon.colcon_installed_package_information.package_discovery:Found 1 installed packages in /home/gmsie/main_ws/src/nav2_slam/install
[0.243s] DEBUG:colcon.colcon_installed_package_information.package_discovery:Found 26 installed packages in /home/gmsie/main_ws/install
[0.244s] DEBUG:colcon.colcon_installed_package_information.package_discovery:Found 19 installed packages in /opt/carla-ros-bridge/install
[0.246s] DEBUG:colcon.colcon_installed_package_information.package_discovery:Found 329 installed packages in /opt/ros/foxy
[0.248s] Level 1:colcon.colcon_core.package_discovery:discover_packages(prefix_path) using defaults
[0.318s] Level 5:colcon.colcon_core.verb:set package 'nav2_slam' build argument 'cmake_args' from command line to 'None'
[0.318s] Level 5:colcon.colcon_core.verb:set package 'nav2_slam' build argument 'cmake_target' from command line to 'None'
[0.318s] Level 5:colcon.colcon_core.verb:set package 'nav2_slam' build argument 'cmake_target_skip_unavailable' from command line to 'False'
[0.318s] Level 5:colcon.colcon_core.verb:set package 'nav2_slam' build argument 'cmake_clean_cache' from command line to 'False'
[0.318s] Level 5:colcon.colcon_core.verb:set package 'nav2_slam' build argument 'cmake_clean_first' from command line to 'False'
[0.318s] Level 5:colcon.colcon_core.verb:set package 'nav2_slam' build argument 'cmake_force_configure' from command line to 'False'
[0.318s] Level 5:colcon.colcon_core.verb:set package 'nav2_slam' build argument 'ament_cmake_args' from command line to 'None'
[0.318s] Level 5:colcon.colcon_core.verb:set package 'nav2_slam' build argument 'catkin_cmake_args' from command line to 'None'
[0.318s] Level 5:colcon.colcon_core.verb:set package 'nav2_slam' build argument 'catkin_skip_building_tests' from command line to 'False'
[0.319s] DEBUG:colcon.colcon_core.verb:Building package 'nav2_slam' with the following arguments: {'ament_cmake_args': None, 'build_base': '/home/gmsie/main_ws/src/nav2_slam/build/nav2_slam', 'catkin_cmake_args': None, 'catkin_skip_building_tests': False, 'cmake_args': None, 'cmake_clean_cache': False, 'cmake_clean_first': False, 'cmake_force_configure': False, 'cmake_target': None, 'cmake_target_skip_unavailable': False, 'install_base': '/home/gmsie/main_ws/src/nav2_slam/install/nav2_slam', 'merge_install': False, 'path': '/home/gmsie/main_ws/src/nav2_slam', 'symlink_install': True, 'test_result_base': None}
[0.319s] INFO:colcon.colcon_core.executor:Executing jobs using 'parallel' executor
[0.323s] DEBUG:colcon.colcon_parallel_executor.executor.parallel:run_until_complete
[0.323s] INFO:colcon.colcon_ros.task.ament_cmake.build:Building ROS package in '/home/gmsie/main_ws/src/nav2_slam' with build type 'ament_cmake'
[0.323s] INFO:colcon.colcon_cmake.task.cmake.build:Building CMake package in '/home/gmsie/main_ws/src/nav2_slam'
[0.328s] INFO:colcon.colcon_core.plugin_system:Skipping extension 'colcon_core.shell.bat': Not used on non-Windows systems
[0.328s] INFO:colcon.colcon_core.shell:Skip shell extension 'powershell' for command environment: Not usable outside of PowerShell
[0.328s] DEBUG:colcon.colcon_core.shell:Skip shell extension 'dsv' for command environment
[0.343s] DEBUG:colcon.colcon_core.event_handler.log_command:Invoking command in '/home/gmsie/main_ws/src/nav2_slam/build/nav2_slam': CMAKE_PREFIX_PATH=/home/gmsie/main_ws/src/nav2_slam/install/nav2_slam:/home/gmsie/main_ws/install/image_pipeline:/home/gmsie/main_ws/install/stereo_image_proc:/home/gmsie/main_ws/install/image_proc:/home/gmsie/main_ws/install/tracetools_image_pipeline:/home/gmsie/main_ws/install/sliding_control:/home/gmsie/main_ws/install/perception_pcl:/home/gmsie/main_ws/install/pcl_ros:/home/gmsie/main_ws/install/pcl_conversions:/home/gmsie/main_ws/install/nav2_sliding_modes_controller:/home/gmsie/main_ws/install/nav2_slam:/home/gmsie/main_ws/install/maneuver_camera:/home/gmsie/main_ws/install/isaac_ros_image_pipeline:/home/gmsie/main_ws/install/carla_testbench:/home/gmsie/main_ws/install/isaac_ros_stereo_image_proc:/home/gmsie/main_ws/install/isaac_ros_nvengine:/home/gmsie/main_ws/install/isaac_ros_nvengine_interfaces:/home/gmsie/main_ws/install/isaac_ros_image_proc:/home/gmsie/main_ws/install/isaac_ros_common:/home/gmsie/main_ws/install/image_view:/home/gmsie/main_ws/install/image_rotate:/home/gmsie/main_ws/install/image_publisher:/home/gmsie/main_ws/install/gmsie_pointcloud_to_laserscan:/home/gmsie/main_ws/install/depth_image_proc:/opt/carla-ros-bridge/install/rviz_carla_plugin:/opt/carla-ros-bridge/install/pcl_recorder:/opt/carla-ros-bridge/install/carla_waypoint_types:/opt/carla-ros-bridge/install/carla_ros_scenario_runner_types:/opt/carla-ros-bridge/install/carla_ackermann_msgs:/home/gmsie/main_ws/install/isaac_ros_test:/home/gmsie/main_ws/install/camera_calibration:/opt/carla-ros-bridge/install/carla_ad_demo:/opt/carla-ros-bridge/install/rqt_carla_control:/opt/carla-ros-bridge/install/carla_waypoint_publisher:/opt/carla-ros-bridge/install/carla_ackermann_control:/opt/carla-ros-bridge/install/carla_ros_bridge:/opt/carla-ros-bridge/install/carla_spawn_objects:/opt/carla-ros-bridge/install/carla_manual_control:/opt/carla-ros-bridge/install/carla_ad_agent:/opt/carla-ros-bridge/install/ros_compatibility:/opt/carla-ros-bridge/install/carla_walker_agent:/opt/carla-ros-bridge/install/carla_twist_to_control:/opt/carla-ros-bridge/install/carla_ros_scenario_runner:/opt/carla-ros-bridge/install/carla_common:/opt/ros/foxy:/opt/carla-ros-bridge/install/carla_msgs /usr/bin/cmake --build /home/gmsie/main_ws/src/nav2_slam/build/nav2_slam -- -j12 -l12
[0.740s] DEBUG:colcon.colcon_core.event_handler.log_command:Invoked command in '/home/gmsie/main_ws/src/nav2_slam/build/nav2_slam' returned '0': CMAKE_PREFIX_PATH=/home/gmsie/main_ws/src/nav2_slam/install/nav2_slam:/home/gmsie/main_ws/install/image_pipeline:/home/gmsie/main_ws/install/stereo_image_proc:/home/gmsie/main_ws/install/image_proc:/home/gmsie/main_ws/install/tracetools_image_pipeline:/home/gmsie/main_ws/install/sliding_control:/home/gmsie/main_ws/install/perception_pcl:/home/gmsie/main_ws/install/pcl_ros:/home/gmsie/main_ws/install/pcl_conversions:/home/gmsie/main_ws/install/nav2_sliding_modes_controller:/home/gmsie/main_ws/install/nav2_slam:/home/gmsie/main_ws/install/maneuver_camera:/home/gmsie/main_ws/install/isaac_ros_image_pipeline:/home/gmsie/main_ws/install/carla_testbench:/home/gmsie/main_ws/install/isaac_ros_stereo_image_proc:/home/gmsie/main_ws/install/isaac_ros_nvengine:/home/gmsie/main_ws/install/isaac_ros_nvengine_interfaces:/home/gmsie/main_ws/install/isaac_ros_image_proc:/home/gmsie/main_ws/install/isaac_ros_common:/home/gmsie/main_ws/install/image_view:/home/gmsie/main_ws/install/image_rotate:/home/gmsie/main_ws/install/image_publisher:/home/gmsie/main_ws/install/gmsie_pointcloud_to_laserscan:/home/gmsie/main_ws/install/depth_image_proc:/opt/carla-ros-bridge/install/rviz_carla_plugin:/opt/carla-ros-bridge/install/pcl_recorder:/opt/carla-ros-bridge/install/carla_waypoint_types:/opt/carla-ros-bridge/install/carla_ros_scenario_runner_types:/opt/carla-ros-bridge/install/carla_ackermann_msgs:/home/gmsie/main_ws/install/isaac_ros_test:/home/gmsie/main_ws/install/camera_calibration:/opt/carla-ros-bridge/install/carla_ad_demo:/opt/carla-ros-bridge/install/rqt_carla_control:/opt/carla-ros-bridge/install/carla_waypoint_publisher:/opt/carla-ros-bridge/install/carla_ackermann_control:/opt/carla-ros-bridge/install/carla_ros_bridge:/opt/carla-ros-bridge/install/carla_spawn_objects:/opt/carla-ros-bridge/install/carla_manual_control:/opt/carla-ros-bridge/install/carla_ad_agent:/opt/carla-ros-bridge/install/ros_compatibility:/opt/carla-ros-bridge/install/carla_walker_agent:/opt/carla-ros-bridge/install/carla_twist_to_control:/opt/carla-ros-bridge/install/carla_ros_scenario_runner:/opt/carla-ros-bridge/install/carla_common:/opt/ros/foxy:/opt/carla-ros-bridge/install/carla_msgs /usr/bin/cmake --build /home/gmsie/main_ws/src/nav2_slam/build/nav2_slam -- -j12 -l12
[0.777s] DEBUG:colcon.colcon_core.event_handler.log_command:Invoking command in '/home/gmsie/main_ws/src/nav2_slam/build/nav2_slam': CMAKE_PREFIX_PATH=/home/gmsie/main_ws/src/nav2_slam/install/nav2_slam:/home/gmsie/main_ws/install/image_pipeline:/home/gmsie/main_ws/install/stereo_image_proc:/home/gmsie/main_ws/install/image_proc:/home/gmsie/main_ws/install/tracetools_image_pipeline:/home/gmsie/main_ws/install/sliding_control:/home/gmsie/main_ws/install/perception_pcl:/home/gmsie/main_ws/install/pcl_ros:/home/gmsie/main_ws/install/pcl_conversions:/home/gmsie/main_ws/install/nav2_sliding_modes_controller:/home/gmsie/main_ws/install/nav2_slam:/home/gmsie/main_ws/install/maneuver_camera:/home/gmsie/main_ws/install/isaac_ros_image_pipeline:/home/gmsie/main_ws/install/carla_testbench:/home/gmsie/main_ws/install/isaac_ros_stereo_image_proc:/home/gmsie/main_ws/install/isaac_ros_nvengine:/home/gmsie/main_ws/install/isaac_ros_nvengine_interfaces:/home/gmsie/main_ws/install/isaac_ros_image_proc:/home/gmsie/main_ws/install/isaac_ros_common:/home/gmsie/main_ws/install/image_view:/home/gmsie/main_ws/install/image_rotate:/home/gmsie/main_ws/install/image_publisher:/home/gmsie/main_ws/install/gmsie_pointcloud_to_laserscan:/home/gmsie/main_ws/install/depth_image_proc:/opt/carla-ros-bridge/install/rviz_carla_plugin:/opt/carla-ros-bridge/install/pcl_recorder:/opt/carla-ros-bridge/install/carla_waypoint_types:/opt/carla-ros-bridge/install/carla_ros_scenario_runner_types:/opt/carla-ros-bridge/install/carla_ackermann_msgs:/home/gmsie/main_ws/install/isaac_ros_test:/home/gmsie/main_ws/install/camera_calibration:/opt/carla-ros-bridge/install/carla_ad_demo:/opt/carla-ros-bridge/install/rqt_carla_control:/opt/carla-ros-bridge/install/carla_waypoint_publisher:/opt/carla-ros-bridge/install/carla_ackermann_control:/opt/carla-ros-bridge/install/carla_ros_bridge:/opt/carla-ros-bridge/install/carla_spawn_objects:/opt/carla-ros-bridge/install/carla_manual_control:/opt/carla-ros-bridge/install/carla_ad_agent:/opt/carla-ros-bridge/install/ros_compatibility:/opt/carla-ros-bridge/install/carla_walker_agent:/opt/carla-ros-bridge/install/carla_twist_to_control:/opt/carla-ros-bridge/install/carla_ros_scenario_runner:/opt/carla-ros-bridge/install/carla_common:/opt/ros/foxy:/opt/carla-ros-bridge/install/carla_msgs /usr/bin/cmake --install /home/gmsie/main_ws/src/nav2_slam/build/nav2_slam
[0.888s] Level 1:colcon.colcon_core.environment:create_environment_scripts_only(nav2_slam)
[0.889s] DEBUG:colcon.colcon_core.event_handler.log_command:Invoked command in '/home/gmsie/main_ws/src/nav2_slam/build/nav2_slam' returned '0': CMAKE_PREFIX_PATH=/home/gmsie/main_ws/src/nav2_slam/install/nav2_slam:/home/gmsie/main_ws/install/image_pipeline:/home/gmsie/main_ws/install/stereo_image_proc:/home/gmsie/main_ws/install/image_proc:/home/gmsie/main_ws/install/tracetools_image_pipeline:/home/gmsie/main_ws/install/sliding_control:/home/gmsie/main_ws/install/perception_pcl:/home/gmsie/main_ws/install/pcl_ros:/home/gmsie/main_ws/install/pcl_conversions:/home/gmsie/main_ws/install/nav2_sliding_modes_controller:/home/gmsie/main_ws/install/nav2_slam:/home/gmsie/main_ws/install/maneuver_camera:/home/gmsie/main_ws/install/isaac_ros_image_pipeline:/home/gmsie/main_ws/install/carla_testbench:/home/gmsie/main_ws/install/isaac_ros_stereo_image_proc:/home/gmsie/main_ws/install/isaac_ros_nvengine:/home/gmsie/main_ws/install/isaac_ros_nvengine_interfaces:/home/gmsie/main_ws/install/isaac_ros_image_proc:/home/gmsie/main_ws/install/isaac_ros_common:/home/gmsie/main_ws/install/image_view:/home/gmsie/main_ws/install/image_rotate:/home/gmsie/main_ws/install/image_publisher:/home/gmsie/main_ws/install/gmsie_pointcloud_to_laserscan:/home/gmsie/main_ws/install/depth_image_proc:/opt/carla-ros-bridge/install/rviz_carla_plugin:/opt/carla-ros-bridge/install/pcl_recorder:/opt/carla-ros-bridge/install/carla_waypoint_types:/opt/carla-ros-bridge/install/carla_ros_scenario_runner_types:/opt/carla-ros-bridge/install/carla_ackermann_msgs:/home/gmsie/main_ws/install/isaac_ros_test:/home/gmsie/main_ws/install/camera_calibration:/opt/carla-ros-bridge/install/carla_ad_demo:/opt/carla-ros-bridge/install/rqt_carla_control:/opt/carla-ros-bridge/install/carla_waypoint_publisher:/opt/carla-ros-bridge/install/carla_ackermann_control:/opt/carla-ros-bridge/install/carla_ros_bridge:/opt/carla-ros-bridge/install/carla_spawn_objects:/opt/carla-ros-bridge/install/carla_manual_control:/opt/carla-ros-bridge/install/carla_ad_agent:/opt/carla-ros-bridge/install/ros_compatibility:/opt/carla-ros-bridge/install/carla_walker_agent:/opt/carla-ros-bridge/install/carla_twist_to_control:/opt/carla-ros-bridge/install/carla_ros_scenario_runner:/opt/carla-ros-bridge/install/carla_common:/opt/ros/foxy:/opt/carla-ros-bridge/install/carla_msgs /usr/bin/cmake --install /home/gmsie/main_ws/src/nav2_slam/build/nav2_slam
[0.894s] Level 1:colcon.colcon_core.environment:checking '/home/gmsie/main_ws/src/nav2_slam/install/nav2_slam' for CMake module files
[0.894s] Level 1:colcon.colcon_core.environment:checking '/home/gmsie/main_ws/src/nav2_slam/install/nav2_slam' for CMake config files
[0.894s] Level 1:colcon.colcon_core.shell:create_environment_hook('nav2_slam', 'cmake_prefix_path')
[0.896s] INFO:colcon.colcon_core.shell:Creating environment hook '/home/gmsie/main_ws/src/nav2_slam/install/nav2_slam/share/nav2_slam/hook/cmake_prefix_path.ps1'
[0.896s] INFO:colcon.colcon_core.shell:Creating environment descriptor '/home/gmsie/main_ws/src/nav2_slam/install/nav2_slam/share/nav2_slam/hook/cmake_prefix_path.dsv'
[0.897s] INFO:colcon.colcon_core.shell:Creating environment hook '/home/gmsie/main_ws/src/nav2_slam/install/nav2_slam/share/nav2_slam/hook/cmake_prefix_path.sh'
[0.897s] Level 1:colcon.colcon_core.environment:checking '/home/gmsie/main_ws/src/nav2_slam/install/nav2_slam/bin'
[0.897s] Level 1:colcon.colcon_core.environment:checking '/home/gmsie/main_ws/src/nav2_slam/install/nav2_slam/lib/pkgconfig/nav2_slam.pc'
[0.898s] Level 1:colcon.colcon_core.environment:checking '/home/gmsie/main_ws/src/nav2_slam/install/nav2_slam/lib/python3.8/site-packages'
[0.898s] Level 1:colcon.colcon_core.environment:checking '/home/gmsie/main_ws/src/nav2_slam/install/nav2_slam/bin'
[0.899s] INFO:colcon.colcon_core.shell:Creating package script '/home/gmsie/main_ws/src/nav2_slam/install/nav2_slam/share/nav2_slam/package.ps1'
[0.900s] INFO:colcon.colcon_core.shell:Creating package descriptor '/home/gmsie/main_ws/src/nav2_slam/install/nav2_slam/share/nav2_slam/package.dsv'
[0.900s] INFO:colcon.colcon_core.shell:Creating package script '/home/gmsie/main_ws/src/nav2_slam/install/nav2_slam/share/nav2_slam/package.sh'
[0.900s] INFO:colcon.colcon_core.shell:Creating package script '/home/gmsie/main_ws/src/nav2_slam/install/nav2_slam/share/nav2_slam/package.bash'
[0.901s] INFO:colcon.colcon_core.shell:Creating package script '/home/gmsie/main_ws/src/nav2_slam/install/nav2_slam/share/nav2_slam/package.zsh'
[0.901s] Level 1:colcon.colcon_core.environment:create_file_with_runtime_dependencies(/home/gmsie/main_ws/src/nav2_slam/install/nav2_slam/share/colcon-core/packages/nav2_slam)
[0.929s] Level 1:colcon.colcon_core.environment:create_environment_scripts_only(nav2_slam)
[0.931s] Level 1:colcon.colcon_core.environment:checking '/home/gmsie/main_ws/src/nav2_slam/install/nav2_slam' for CMake module files
[0.932s] Level 1:colcon.colcon_core.environment:checking '/home/gmsie/main_ws/src/nav2_slam/install/nav2_slam' for CMake config files
[0.932s] Level 1:colcon.colcon_core.shell:create_environment_hook('nav2_slam', 'cmake_prefix_path')
[0.933s] INFO:colcon.colcon_core.shell:Creating environment hook '/home/gmsie/main_ws/src/nav2_slam/install/nav2_slam/share/nav2_slam/hook/cmake_prefix_path.ps1'
[0.934s] INFO:colcon.colcon_core.shell:Creating environment descriptor '/home/gmsie/main_ws/src/nav2_slam/install/nav2_slam/share/nav2_slam/hook/cmake_prefix_path.dsv'
[0.934s] INFO:colcon.colcon_core.shell:Creating environment hook '/home/gmsie/main_ws/src/nav2_slam/install/nav2_slam/share/nav2_slam/hook/cmake_prefix_path.sh'
[0.934s] Level 1:colcon.colcon_core.environment:checking '/home/gmsie/main_ws/src/nav2_slam/install/nav2_slam/bin'
[0.935s] Level 1:colcon.colcon_core.environment:checking '/home/gmsie/main_ws/src/nav2_slam/install/nav2_slam/lib/pkgconfig/nav2_slam.pc'
[0.935s] Level 1:colcon.colcon_core.environment:checking '/home/gmsie/main_ws/src/nav2_slam/install/nav2_slam/lib/python3.8/site-packages'
[0.935s] Level 1:colcon.colcon_core.environment:checking '/home/gmsie/main_ws/src/nav2_slam/install/nav2_slam/bin'
[0.936s] INFO:colcon.colcon_core.shell:Creating package script '/home/gmsie/main_ws/src/nav2_slam/install/nav2_slam/share/nav2_slam/package.ps1'
[0.937s] INFO:colcon.colcon_core.shell:Creating package descriptor '/home/gmsie/main_ws/src/nav2_slam/install/nav2_slam/share/nav2_slam/package.dsv'
[0.937s] INFO:colcon.colcon_core.shell:Creating package script '/home/gmsie/main_ws/src/nav2_slam/install/nav2_slam/share/nav2_slam/package.sh'
[0.937s] INFO:colcon.colcon_core.shell:Creating package script '/home/gmsie/main_ws/src/nav2_slam/install/nav2_slam/share/nav2_slam/package.bash'
[0.937s] INFO:colcon.colcon_core.shell:Creating package script '/home/gmsie/main_ws/src/nav2_slam/install/nav2_slam/share/nav2_slam/package.zsh'
[0.938s] Level 1:colcon.colcon_core.environment:create_file_with_runtime_dependencies(/home/gmsie/main_ws/src/nav2_slam/install/nav2_slam/share/colcon-core/packages/nav2_slam)
[0.938s] DEBUG:colcon.colcon_parallel_executor.executor.parallel:closing loop
[0.938s] DEBUG:colcon.colcon_parallel_executor.executor.parallel:loop closed
[0.938s] DEBUG:colcon.colcon_parallel_executor.executor.parallel:run_until_complete finished with '0'
[0.938s] DEBUG:colcon.colcon_core.event_reactor:joining thread
[0.945s] INFO:colcon.colcon_core.plugin_system:Skipping extension 'colcon_notification.desktop_notification.terminal_notifier': Not used on non-Darwin systems
[0.945s] INFO:colcon.colcon_core.plugin_system:Skipping extension 'colcon_notification.desktop_notification.win32': Not used on non-Windows systems
[0.945s] INFO:colcon.colcon_notification.desktop_notification:Sending desktop notification using 'notify2'
[0.956s] DEBUG:colcon.colcon_core.event_reactor:joined thread
[0.957s] INFO:colcon.colcon_core.shell:Creating prefix script '/home/gmsie/main_ws/src/nav2_slam/install/local_setup.ps1'
[0.958s] INFO:colcon.colcon_core.shell:Creating prefix util module '/home/gmsie/main_ws/src/nav2_slam/install/_local_setup_util_ps1.py'
[0.959s] INFO:colcon.colcon_core.shell:Creating prefix chain script '/home/gmsie/main_ws/src/nav2_slam/install/setup.ps1'
[0.962s] INFO:colcon.colcon_core.shell:Creating prefix script '/home/gmsie/main_ws/src/nav2_slam/install/local_setup.sh'
[0.963s] INFO:colcon.colcon_core.shell:Creating prefix util module '/home/gmsie/main_ws/src/nav2_slam/install/_local_setup_util_sh.py'
[0.963s] INFO:colcon.colcon_core.shell:Creating prefix chain script '/home/gmsie/main_ws/src/nav2_slam/install/setup.sh'
[0.966s] INFO:colcon.colcon_core.shell:Creating prefix script '/home/gmsie/main_ws/src/nav2_slam/install/local_setup.bash'
[0.966s] INFO:colcon.colcon_core.shell:Creating prefix chain script '/home/gmsie/main_ws/src/nav2_slam/install/setup.bash'
[0.969s] INFO:colcon.colcon_core.shell:Creating prefix script '/home/gmsie/main_ws/src/nav2_slam/install/local_setup.zsh'
[0.969s] INFO:colcon.colcon_core.shell:Creating prefix chain script '/home/gmsie/main_ws/src/nav2_slam/install/setup.zsh'
