[0.019s] Invoking command in '/home/gmsie/main_ws/src/nav2_slam/build/nav2_slam': CMAKE_PREFIX_PATH=/home/gmsie/main_ws/install/image_pipeline:/home/gmsie/main_ws/install/stereo_image_proc:/home/gmsie/main_ws/install/image_proc:/home/gmsie/main_ws/install/tracetools_image_pipeline:/home/gmsie/main_ws/install/sliding_control:/home/gmsie/main_ws/install/perception_pcl:/home/gmsie/main_ws/install/pcl_ros:/home/gmsie/main_ws/install/pcl_conversions:/home/gmsie/main_ws/install/nav2_sliding_modes_controller:/home/gmsie/main_ws/install/maneuver_camera:/home/gmsie/main_ws/install/isaac_ros_image_pipeline:/home/gmsie/main_ws/install/carla_testbench:/home/gmsie/main_ws/install/isaac_ros_stereo_image_proc:/home/gmsie/main_ws/install/isaac_ros_nvengine:/home/gmsie/main_ws/install/isaac_ros_nvengine_interfaces:/home/gmsie/main_ws/install/isaac_ros_image_proc:/home/gmsie/main_ws/install/isaac_ros_common:/home/gmsie/main_ws/install/image_view:/home/gmsie/main_ws/install/image_rotate:/home/gmsie/main_ws/install/image_publisher:/home/gmsie/main_ws/install/gmsie_pointcloud_to_laserscan:/home/gmsie/main_ws/install/depth_image_proc:/opt/carla-ros-bridge/install/rviz_carla_plugin:/opt/carla-ros-bridge/install/pcl_recorder:/opt/carla-ros-bridge/install/carla_waypoint_types:/opt/carla-ros-bridge/install/carla_ros_scenario_runner_types:/opt/carla-ros-bridge/install/carla_ackermann_msgs:/home/gmsie/main_ws/install/isaac_ros_test:/home/gmsie/main_ws/install/camera_calibration:/opt/carla-ros-bridge/install/carla_ad_demo:/opt/carla-ros-bridge/install/rqt_carla_control:/opt/carla-ros-bridge/install/carla_waypoint_publisher:/opt/carla-ros-bridge/install/carla_ackermann_control:/opt/carla-ros-bridge/install/carla_ros_bridge:/opt/carla-ros-bridge/install/carla_spawn_objects:/opt/carla-ros-bridge/install/carla_manual_control:/opt/carla-ros-bridge/install/carla_ad_agent:/opt/carla-ros-bridge/install/ros_compatibility:/opt/carla-ros-bridge/install/carla_walker_agent:/opt/carla-ros-bridge/install/carla_twist_to_control:/opt/carla-ros-bridge/install/carla_ros_scenario_runner:/opt/carla-ros-bridge/install/carla_common:/opt/ros/foxy:/opt/carla-ros-bridge/install/carla_msgs /usr/bin/cmake /home/gmsie/main_ws/src/nav2_slam -DCMAKE_INSTALL_PREFIX=/home/gmsie/main_ws/src/nav2_slam/install/nav2_slam
[0.269s] -- The C compiler identification is GNU 9.4.0
[0.479s] -- The CXX compiler identification is GNU 9.4.0
[0.489s] -- Check for working C compiler: /usr/bin/cc
[0.567s] -- Check for working C compiler: /usr/bin/cc -- works
[0.569s] -- Detecting C compiler ABI info
[0.650s] -- Detecting C compiler ABI info - done
[0.666s] -- Detecting C compile features
[0.667s] -- Detecting C compile features - done
[0.670s] -- Check for working CXX compiler: /usr/bin/c++
[0.764s] -- Check for working CXX compiler: /usr/bin/c++ -- works
[0.765s] -- Detecting CXX compiler ABI info
[0.846s] -- Detecting CXX compiler ABI info - done
[0.856s] -- Detecting CXX compile features
[0.857s] -- Detecting CXX compile features - done
[0.866s] -- Found ament_cmake: 0.9.9 (/opt/ros/foxy/share/ament_cmake/cmake)
[0.921s] -- Found PythonInterp: /usr/bin/python3 (found suitable version "3.8.10", minimum required is "3") 
[0.921s] -- Using PYTHON_EXECUTABLE: /usr/bin/python3
[1.211s] -- Found ament_lint_auto: 0.9.6 (/opt/ros/foxy/share/ament_lint_auto/cmake)
[1.330s] -- Added test 'copyright' to check source files copyright and LICENSE
[1.335s] -- Added test 'cppcheck' to perform static code analysis on C / C++ code
[1.335s] -- Configured cppcheck include dirs: 
[1.335s] -- Configured cppcheck exclude dirs and/or files: 
[1.340s] -- Added test 'cpplint' to check C / C++ code against the Google style
[1.340s] -- Configured cpplint exclude dirs and/or files: 
[1.342s] -- Added test 'flake8' to check Python code syntax and style conventions
[1.345s] -- Added test 'lint_cmake' to check CMake code style
[1.346s] -- Added test 'pep257' to check Python code against some of the style conventions in PEP 257
[1.352s] -- Added test 'uncrustify' to check C / C++ code style
[1.352s] -- Configured uncrustify additional arguments: 
[1.354s] -- Added test 'xmllint' to check XML markup files
[1.358s] -- Configuring done
[1.359s] -- Generating done
[1.360s] -- Build files have been written to: /home/gmsie/main_ws/src/nav2_slam/build/nav2_slam
[1.363s] Invoked command in '/home/gmsie/main_ws/src/nav2_slam/build/nav2_slam' returned '0': CMAKE_PREFIX_PATH=/home/gmsie/main_ws/install/image_pipeline:/home/gmsie/main_ws/install/stereo_image_proc:/home/gmsie/main_ws/install/image_proc:/home/gmsie/main_ws/install/tracetools_image_pipeline:/home/gmsie/main_ws/install/sliding_control:/home/gmsie/main_ws/install/perception_pcl:/home/gmsie/main_ws/install/pcl_ros:/home/gmsie/main_ws/install/pcl_conversions:/home/gmsie/main_ws/install/nav2_sliding_modes_controller:/home/gmsie/main_ws/install/maneuver_camera:/home/gmsie/main_ws/install/isaac_ros_image_pipeline:/home/gmsie/main_ws/install/carla_testbench:/home/gmsie/main_ws/install/isaac_ros_stereo_image_proc:/home/gmsie/main_ws/install/isaac_ros_nvengine:/home/gmsie/main_ws/install/isaac_ros_nvengine_interfaces:/home/gmsie/main_ws/install/isaac_ros_image_proc:/home/gmsie/main_ws/install/isaac_ros_common:/home/gmsie/main_ws/install/image_view:/home/gmsie/main_ws/install/image_rotate:/home/gmsie/main_ws/install/image_publisher:/home/gmsie/main_ws/install/gmsie_pointcloud_to_laserscan:/home/gmsie/main_ws/install/depth_image_proc:/opt/carla-ros-bridge/install/rviz_carla_plugin:/opt/carla-ros-bridge/install/pcl_recorder:/opt/carla-ros-bridge/install/carla_waypoint_types:/opt/carla-ros-bridge/install/carla_ros_scenario_runner_types:/opt/carla-ros-bridge/install/carla_ackermann_msgs:/home/gmsie/main_ws/install/isaac_ros_test:/home/gmsie/main_ws/install/camera_calibration:/opt/carla-ros-bridge/install/carla_ad_demo:/opt/carla-ros-bridge/install/rqt_carla_control:/opt/carla-ros-bridge/install/carla_waypoint_publisher:/opt/carla-ros-bridge/install/carla_ackermann_control:/opt/carla-ros-bridge/install/carla_ros_bridge:/opt/carla-ros-bridge/install/carla_spawn_objects:/opt/carla-ros-bridge/install/carla_manual_control:/opt/carla-ros-bridge/install/carla_ad_agent:/opt/carla-ros-bridge/install/ros_compatibility:/opt/carla-ros-bridge/install/carla_walker_agent:/opt/carla-ros-bridge/install/carla_twist_to_control:/opt/carla-ros-bridge/install/carla_ros_scenario_runner:/opt/carla-ros-bridge/install/carla_common:/opt/ros/foxy:/opt/carla-ros-bridge/install/carla_msgs /usr/bin/cmake /home/gmsie/main_ws/src/nav2_slam -DCMAKE_INSTALL_PREFIX=/home/gmsie/main_ws/src/nav2_slam/install/nav2_slam
[1.366s] Invoking command in '/home/gmsie/main_ws/src/nav2_slam/build/nav2_slam': CMAKE_PREFIX_PATH=/home/gmsie/main_ws/install/image_pipeline:/home/gmsie/main_ws/install/stereo_image_proc:/home/gmsie/main_ws/install/image_proc:/home/gmsie/main_ws/install/tracetools_image_pipeline:/home/gmsie/main_ws/install/sliding_control:/home/gmsie/main_ws/install/perception_pcl:/home/gmsie/main_ws/install/pcl_ros:/home/gmsie/main_ws/install/pcl_conversions:/home/gmsie/main_ws/install/nav2_sliding_modes_controller:/home/gmsie/main_ws/install/maneuver_camera:/home/gmsie/main_ws/install/isaac_ros_image_pipeline:/home/gmsie/main_ws/install/carla_testbench:/home/gmsie/main_ws/install/isaac_ros_stereo_image_proc:/home/gmsie/main_ws/install/isaac_ros_nvengine:/home/gmsie/main_ws/install/isaac_ros_nvengine_interfaces:/home/gmsie/main_ws/install/isaac_ros_image_proc:/home/gmsie/main_ws/install/isaac_ros_common:/home/gmsie/main_ws/install/image_view:/home/gmsie/main_ws/install/image_rotate:/home/gmsie/main_ws/install/image_publisher:/home/gmsie/main_ws/install/gmsie_pointcloud_to_laserscan:/home/gmsie/main_ws/install/depth_image_proc:/opt/carla-ros-bridge/install/rviz_carla_plugin:/opt/carla-ros-bridge/install/pcl_recorder:/opt/carla-ros-bridge/install/carla_waypoint_types:/opt/carla-ros-bridge/install/carla_ros_scenario_runner_types:/opt/carla-ros-bridge/install/carla_ackermann_msgs:/home/gmsie/main_ws/install/isaac_ros_test:/home/gmsie/main_ws/install/camera_calibration:/opt/carla-ros-bridge/install/carla_ad_demo:/opt/carla-ros-bridge/install/rqt_carla_control:/opt/carla-ros-bridge/install/carla_waypoint_publisher:/opt/carla-ros-bridge/install/carla_ackermann_control:/opt/carla-ros-bridge/install/carla_ros_bridge:/opt/carla-ros-bridge/install/carla_spawn_objects:/opt/carla-ros-bridge/install/carla_manual_control:/opt/carla-ros-bridge/install/carla_ad_agent:/opt/carla-ros-bridge/install/ros_compatibility:/opt/carla-ros-bridge/install/carla_walker_agent:/opt/carla-ros-bridge/install/carla_twist_to_control:/opt/carla-ros-bridge/install/carla_ros_scenario_runner:/opt/carla-ros-bridge/install/carla_common:/opt/ros/foxy:/opt/carla-ros-bridge/install/carla_msgs /usr/bin/cmake --build /home/gmsie/main_ws/src/nav2_slam/build/nav2_slam -- -j12 -l12
[1.390s] -- Found ament_cmake: 0.9.9 (/opt/ros/foxy/share/ament_cmake/cmake)
[1.425s] -- Using PYTHON_EXECUTABLE: /usr/bin/python3
[1.642s] -- Found ament_lint_auto: 0.9.6 (/opt/ros/foxy/share/ament_lint_auto/cmake)
[1.720s] -- Added test 'copyright' to check source files copyright and LICENSE
[1.726s] -- Added test 'cppcheck' to perform static code analysis on C / C++ code
[1.726s] -- Configured cppcheck include dirs: 
[1.726s] -- Configured cppcheck exclude dirs and/or files: 
[1.733s] -- Added test 'cpplint' to check C / C++ code against the Google style
[1.733s] -- Configured cpplint exclude dirs and/or files: 
[1.734s] -- Added test 'flake8' to check Python code syntax and style conventions
[1.735s] -- Added test 'lint_cmake' to check CMake code style
[1.736s] -- Added test 'pep257' to check Python code against some of the style conventions in PEP 257
[1.742s] -- Added test 'uncrustify' to check C / C++ code style
[1.742s] -- Configured uncrustify additional arguments: 
[1.743s] -- Added test 'xmllint' to check XML markup files
[1.744s] -- Configuring done
[1.747s] -- Generating done
[1.748s] -- Build files have been written to: /home/gmsie/main_ws/src/nav2_slam/build/nav2_slam
[1.774s] Invoked command in '/home/gmsie/main_ws/src/nav2_slam/build/nav2_slam' returned '0': CMAKE_PREFIX_PATH=/home/gmsie/main_ws/install/image_pipeline:/home/gmsie/main_ws/install/stereo_image_proc:/home/gmsie/main_ws/install/image_proc:/home/gmsie/main_ws/install/tracetools_image_pipeline:/home/gmsie/main_ws/install/sliding_control:/home/gmsie/main_ws/install/perception_pcl:/home/gmsie/main_ws/install/pcl_ros:/home/gmsie/main_ws/install/pcl_conversions:/home/gmsie/main_ws/install/nav2_sliding_modes_controller:/home/gmsie/main_ws/install/maneuver_camera:/home/gmsie/main_ws/install/isaac_ros_image_pipeline:/home/gmsie/main_ws/install/carla_testbench:/home/gmsie/main_ws/install/isaac_ros_stereo_image_proc:/home/gmsie/main_ws/install/isaac_ros_nvengine:/home/gmsie/main_ws/install/isaac_ros_nvengine_interfaces:/home/gmsie/main_ws/install/isaac_ros_image_proc:/home/gmsie/main_ws/install/isaac_ros_common:/home/gmsie/main_ws/install/image_view:/home/gmsie/main_ws/install/image_rotate:/home/gmsie/main_ws/install/image_publisher:/home/gmsie/main_ws/install/gmsie_pointcloud_to_laserscan:/home/gmsie/main_ws/install/depth_image_proc:/opt/carla-ros-bridge/install/rviz_carla_plugin:/opt/carla-ros-bridge/install/pcl_recorder:/opt/carla-ros-bridge/install/carla_waypoint_types:/opt/carla-ros-bridge/install/carla_ros_scenario_runner_types:/opt/carla-ros-bridge/install/carla_ackermann_msgs:/home/gmsie/main_ws/install/isaac_ros_test:/home/gmsie/main_ws/install/camera_calibration:/opt/carla-ros-bridge/install/carla_ad_demo:/opt/carla-ros-bridge/install/rqt_carla_control:/opt/carla-ros-bridge/install/carla_waypoint_publisher:/opt/carla-ros-bridge/install/carla_ackermann_control:/opt/carla-ros-bridge/install/carla_ros_bridge:/opt/carla-ros-bridge/install/carla_spawn_objects:/opt/carla-ros-bridge/install/carla_manual_control:/opt/carla-ros-bridge/install/carla_ad_agent:/opt/carla-ros-bridge/install/ros_compatibility:/opt/carla-ros-bridge/install/carla_walker_agent:/opt/carla-ros-bridge/install/carla_twist_to_control:/opt/carla-ros-bridge/install/carla_ros_scenario_runner:/opt/carla-ros-bridge/install/carla_common:/opt/ros/foxy:/opt/carla-ros-bridge/install/carla_msgs /usr/bin/cmake --build /home/gmsie/main_ws/src/nav2_slam/build/nav2_slam -- -j12 -l12
[1.822s] Invoking command in '/home/gmsie/main_ws/src/nav2_slam/build/nav2_slam': CMAKE_PREFIX_PATH=/home/gmsie/main_ws/install/image_pipeline:/home/gmsie/main_ws/install/stereo_image_proc:/home/gmsie/main_ws/install/image_proc:/home/gmsie/main_ws/install/tracetools_image_pipeline:/home/gmsie/main_ws/install/sliding_control:/home/gmsie/main_ws/install/perception_pcl:/home/gmsie/main_ws/install/pcl_ros:/home/gmsie/main_ws/install/pcl_conversions:/home/gmsie/main_ws/install/nav2_sliding_modes_controller:/home/gmsie/main_ws/install/maneuver_camera:/home/gmsie/main_ws/install/isaac_ros_image_pipeline:/home/gmsie/main_ws/install/carla_testbench:/home/gmsie/main_ws/install/isaac_ros_stereo_image_proc:/home/gmsie/main_ws/install/isaac_ros_nvengine:/home/gmsie/main_ws/install/isaac_ros_nvengine_interfaces:/home/gmsie/main_ws/install/isaac_ros_image_proc:/home/gmsie/main_ws/install/isaac_ros_common:/home/gmsie/main_ws/install/image_view:/home/gmsie/main_ws/install/image_rotate:/home/gmsie/main_ws/install/image_publisher:/home/gmsie/main_ws/install/gmsie_pointcloud_to_laserscan:/home/gmsie/main_ws/install/depth_image_proc:/opt/carla-ros-bridge/install/rviz_carla_plugin:/opt/carla-ros-bridge/install/pcl_recorder:/opt/carla-ros-bridge/install/carla_waypoint_types:/opt/carla-ros-bridge/install/carla_ros_scenario_runner_types:/opt/carla-ros-bridge/install/carla_ackermann_msgs:/home/gmsie/main_ws/install/isaac_ros_test:/home/gmsie/main_ws/install/camera_calibration:/opt/carla-ros-bridge/install/carla_ad_demo:/opt/carla-ros-bridge/install/rqt_carla_control:/opt/carla-ros-bridge/install/carla_waypoint_publisher:/opt/carla-ros-bridge/install/carla_ackermann_control:/opt/carla-ros-bridge/install/carla_ros_bridge:/opt/carla-ros-bridge/install/carla_spawn_objects:/opt/carla-ros-bridge/install/carla_manual_control:/opt/carla-ros-bridge/install/carla_ad_agent:/opt/carla-ros-bridge/install/ros_compatibility:/opt/carla-ros-bridge/install/carla_walker_agent:/opt/carla-ros-bridge/install/carla_twist_to_control:/opt/carla-ros-bridge/install/carla_ros_scenario_runner:/opt/carla-ros-bridge/install/carla_common:/opt/ros/foxy:/opt/carla-ros-bridge/install/carla_msgs /usr/bin/cmake --install /home/gmsie/main_ws/src/nav2_slam/build/nav2_slam
[1.832s] -- Install configuration: ""
[1.832s] -- Installing: /home/gmsie/main_ws/src/nav2_slam/install/nav2_slam/share/ament_index/resource_index/package_run_dependencies/nav2_slam
[1.832s] -- Installing: /home/gmsie/main_ws/src/nav2_slam/install/nav2_slam/share/ament_index/resource_index/parent_prefix_path/nav2_slam
[1.833s] -- Installing: /home/gmsie/main_ws/src/nav2_slam/install/nav2_slam/share/nav2_slam/environment/ament_prefix_path.sh
[1.833s] -- Installing: /home/gmsie/main_ws/src/nav2_slam/install/nav2_slam/share/nav2_slam/environment/ament_prefix_path.dsv
[1.833s] -- Installing: /home/gmsie/main_ws/src/nav2_slam/install/nav2_slam/share/nav2_slam/environment/path.sh
[1.833s] -- Installing: /home/gmsie/main_ws/src/nav2_slam/install/nav2_slam/share/nav2_slam/environment/path.dsv
[1.833s] -- Installing: /home/gmsie/main_ws/src/nav2_slam/install/nav2_slam/share/nav2_slam/local_setup.bash
[1.833s] -- Installing: /home/gmsie/main_ws/src/nav2_slam/install/nav2_slam/share/nav2_slam/local_setup.sh
[1.833s] -- Installing: /home/gmsie/main_ws/src/nav2_slam/install/nav2_slam/share/nav2_slam/local_setup.zsh
[1.834s] -- Installing: /home/gmsie/main_ws/src/nav2_slam/install/nav2_slam/share/nav2_slam/local_setup.dsv
[1.834s] -- Installing: /home/gmsie/main_ws/src/nav2_slam/install/nav2_slam/share/nav2_slam/package.dsv
[1.834s] -- Installing: /home/gmsie/main_ws/src/nav2_slam/install/nav2_slam/share/ament_index/resource_index/packages/nav2_slam
[1.834s] -- Installing: /home/gmsie/main_ws/src/nav2_slam/install/nav2_slam/share/nav2_slam/cmake/nav2_slamConfig.cmake
[1.834s] -- Installing: /home/gmsie/main_ws/src/nav2_slam/install/nav2_slam/share/nav2_slam/cmake/nav2_slamConfig-version.cmake
[1.834s] -- Installing: /home/gmsie/main_ws/src/nav2_slam/install/nav2_slam/share/nav2_slam/package.xml
[1.836s] Invoked command in '/home/gmsie/main_ws/src/nav2_slam/build/nav2_slam' returned '0': CMAKE_PREFIX_PATH=/home/gmsie/main_ws/install/image_pipeline:/home/gmsie/main_ws/install/stereo_image_proc:/home/gmsie/main_ws/install/image_proc:/home/gmsie/main_ws/install/tracetools_image_pipeline:/home/gmsie/main_ws/install/sliding_control:/home/gmsie/main_ws/install/perception_pcl:/home/gmsie/main_ws/install/pcl_ros:/home/gmsie/main_ws/install/pcl_conversions:/home/gmsie/main_ws/install/nav2_sliding_modes_controller:/home/gmsie/main_ws/install/maneuver_camera:/home/gmsie/main_ws/install/isaac_ros_image_pipeline:/home/gmsie/main_ws/install/carla_testbench:/home/gmsie/main_ws/install/isaac_ros_stereo_image_proc:/home/gmsie/main_ws/install/isaac_ros_nvengine:/home/gmsie/main_ws/install/isaac_ros_nvengine_interfaces:/home/gmsie/main_ws/install/isaac_ros_image_proc:/home/gmsie/main_ws/install/isaac_ros_common:/home/gmsie/main_ws/install/image_view:/home/gmsie/main_ws/install/image_rotate:/home/gmsie/main_ws/install/image_publisher:/home/gmsie/main_ws/install/gmsie_pointcloud_to_laserscan:/home/gmsie/main_ws/install/depth_image_proc:/opt/carla-ros-bridge/install/rviz_carla_plugin:/opt/carla-ros-bridge/install/pcl_recorder:/opt/carla-ros-bridge/install/carla_waypoint_types:/opt/carla-ros-bridge/install/carla_ros_scenario_runner_types:/opt/carla-ros-bridge/install/carla_ackermann_msgs:/home/gmsie/main_ws/install/isaac_ros_test:/home/gmsie/main_ws/install/camera_calibration:/opt/carla-ros-bridge/install/carla_ad_demo:/opt/carla-ros-bridge/install/rqt_carla_control:/opt/carla-ros-bridge/install/carla_waypoint_publisher:/opt/carla-ros-bridge/install/carla_ackermann_control:/opt/carla-ros-bridge/install/carla_ros_bridge:/opt/carla-ros-bridge/install/carla_spawn_objects:/opt/carla-ros-bridge/install/carla_manual_control:/opt/carla-ros-bridge/install/carla_ad_agent:/opt/carla-ros-bridge/install/ros_compatibility:/opt/carla-ros-bridge/install/carla_walker_agent:/opt/carla-ros-bridge/install/carla_twist_to_control:/opt/carla-ros-bridge/install/carla_ros_scenario_runner:/opt/carla-ros-bridge/install/carla_common:/opt/ros/foxy:/opt/carla-ros-bridge/install/carla_msgs /usr/bin/cmake --install /home/gmsie/main_ws/src/nav2_slam/build/nav2_slam
