-- Found ament_cmake: 0.9.9 (/opt/ros/foxy/share/ament_cmake/cmake)
-- Using PYTHON_EXECUTABLE: /usr/bin/python3
-- Override CMake install command with custom implementation using symlinks instead of copying resources
-- Found ament_lint_auto: 0.9.6 (/opt/ros/foxy/share/ament_lint_auto/cmake)
-- Added test 'copyright' to check source files copyright and LICENSE
-- Added test 'cppcheck' to perform static code analysis on C / C++ code
-- Configured cppcheck include dirs: 
-- Configured cppcheck exclude dirs and/or files: 
-- Added test 'cpplint' to check C / C++ code against the Google style
-- Configured cpplint exclude dirs and/or files: 
-- Added test 'flake8' to check Python code syntax and style conventions
-- Added test 'lint_cmake' to check CMake code style
-- Added test 'pep257' to check Python code against some of the style conventions in PEP 257
-- Added test 'uncrustify' to check C / C++ code style
-- Configured uncrustify additional arguments: 
-- Added test 'xmllint' to check XML markup files
-- Configuring done
-- Generating done
-- Build files have been written to: /home/gmsie/main_ws/src/nav2_slam/build/nav2_slam
-- Install configuration: ""
-- Execute custom install script
-- Symlinking: /home/gmsie/main_ws/src/nav2_slam/install/nav2_slam/share/nav2_slam//launch/bringup_launch.py
-- Symlinking: /home/gmsie/main_ws/src/nav2_slam/install/nav2_slam/share/nav2_slam//launch/localization_launch_amcl.py
-- Symlinking: /home/gmsie/main_ws/src/nav2_slam/install/nav2_slam/share/nav2_slam//launch/localization_launch_slam.py
-- Symlinking: /home/gmsie/main_ws/src/nav2_slam/install/nav2_slam/share/nav2_slam//launch/navigation_launch.py
-- Up-to-date symlink: /home/gmsie/main_ws/src/nav2_slam/install/nav2_slam/share/nav2_slam//launch/online_async_launch.py
-- Up-to-date symlink: /home/gmsie/main_ws/src/nav2_slam/install/nav2_slam/share/nav2_slam//launch/online_sync_launch.py
-- Symlinking: /home/gmsie/main_ws/src/nav2_slam/install/nav2_slam/share/nav2_slam//launch/slam_launch.py
-- Up-to-date symlink: /home/gmsie/main_ws/src/nav2_slam/install/nav2_slam/share/nav2_slam//config/mapper_params_lifelong.yaml
-- Up-to-date symlink: /home/gmsie/main_ws/src/nav2_slam/install/nav2_slam/share/nav2_slam//config/mapper_params_localization.yaml
-- Up-to-date symlink: /home/gmsie/main_ws/src/nav2_slam/install/nav2_slam/share/nav2_slam//config/mapper_params_offline.yaml
-- Up-to-date symlink: /home/gmsie/main_ws/src/nav2_slam/install/nav2_slam/share/nav2_slam//config/mapper_params_online_async.yaml
-- Up-to-date symlink: /home/gmsie/main_ws/src/nav2_slam/install/nav2_slam/share/nav2_slam//config/mapper_params_online_sync.yaml
-- Symlinking: /home/gmsie/main_ws/src/nav2_slam/install/nav2_slam/share/nav2_slam//config/nav2_params.yaml
-- Up-to-date symlink: /home/gmsie/main_ws/src/nav2_slam/install/nav2_slam/share/ament_index/resource_index/package_run_dependencies/nav2_slam
-- Up-to-date symlink: /home/gmsie/main_ws/src/nav2_slam/install/nav2_slam/share/ament_index/resource_index/parent_prefix_path/nav2_slam
-- Up-to-date symlink: /home/gmsie/main_ws/src/nav2_slam/install/nav2_slam/share/nav2_slam/environment/ament_prefix_path.sh
-- Up-to-date symlink: /home/gmsie/main_ws/src/nav2_slam/install/nav2_slam/share/nav2_slam/environment/ament_prefix_path.dsv
-- Up-to-date symlink: /home/gmsie/main_ws/src/nav2_slam/install/nav2_slam/share/nav2_slam/environment/path.sh
-- Up-to-date symlink: /home/gmsie/main_ws/src/nav2_slam/install/nav2_slam/share/nav2_slam/environment/path.dsv
-- Up-to-date symlink: /home/gmsie/main_ws/src/nav2_slam/install/nav2_slam/share/nav2_slam/local_setup.bash
-- Up-to-date symlink: /home/gmsie/main_ws/src/nav2_slam/install/nav2_slam/share/nav2_slam/local_setup.sh
-- Up-to-date symlink: /home/gmsie/main_ws/src/nav2_slam/install/nav2_slam/share/nav2_slam/local_setup.zsh
-- Up-to-date symlink: /home/gmsie/main_ws/src/nav2_slam/install/nav2_slam/share/nav2_slam/local_setup.dsv
-- Symlinking: /home/gmsie/main_ws/src/nav2_slam/install/nav2_slam/share/nav2_slam/package.dsv
-- Up-to-date symlink: /home/gmsie/main_ws/src/nav2_slam/install/nav2_slam/share/ament_index/resource_index/packages/nav2_slam
-- Up-to-date symlink: /home/gmsie/main_ws/src/nav2_slam/install/nav2_slam/share/nav2_slam/cmake/nav2_slamConfig.cmake
-- Up-to-date symlink: /home/gmsie/main_ws/src/nav2_slam/install/nav2_slam/share/nav2_slam/cmake/nav2_slamConfig-version.cmake
-- Up-to-date symlink: /home/gmsie/main_ws/src/nav2_slam/install/nav2_slam/share/nav2_slam/package.xml
